<?xml version="1.0" encoding="UTF-8"?>
<testng-results skipped="0" failed="0" ignored="0" total="1" passed="1">
  <reporter-output>
  </reporter-output>
  <suite name="Default suite" duration-ms="30809" started-at="2017-02-02T21:03:49Z" finished-at="2017-02-02T21:04:20Z">
    <groups>
    </groups>
    <test name="Default test" duration-ms="30809" started-at="2017-02-02T21:03:49Z" finished-at="2017-02-02T21:04:20Z">
      <class name="Testcases.Loginapplication">
        <test-method status="PASS" signature="Login()[pri:0, instance:Testcases.Loginapplication@5dfcfece]" name="Login" duration-ms="30768" started-at="2017-02-02T13:03:49Z" finished-at="2017-02-02T13:04:20Z">
          <reporter-output>
          </reporter-output>
        </test-method> <!-- Login -->
      </class> <!-- Testcases.Loginapplication -->
    </test> <!-- Default test -->
  </suite> <!-- Default suite -->
</testng-results>
